<?xml version="1.0" encoding="UTF-8"?>
<testng-results skipped="0" failed="0" ignored="0" total="1" passed="1">
  <reporter-output>
  </reporter-output>
  <suite name="Default suite" duration-ms="48000" started-at="2018-07-03T12:00:35Z" finished-at="2018-07-03T12:01:23Z">
    <groups>
    </groups>
    <test name="Default test" duration-ms="48000" started-at="2018-07-03T12:00:35Z" finished-at="2018-07-03T12:01:23Z">
      <class name="Seetest.SampleAndroidTest">
        <test-method status="PASS" signature="setUp()[pri:0, instance:Seetest.SampleAndroidTest@44a3ec6b]" name="setUp" is-config="true" duration-ms="25966" started-at="2018-07-03T12:00:35Z" finished-at="2018-07-03T12:01:01Z">
          <reporter-output>
          </reporter-output>
        </test-method> <!-- setUp -->
        <test-method status="PASS" signature="testUntitled()[pri:0, instance:Seetest.SampleAndroidTest@44a3ec6b]" name="testUntitled" duration-ms="18163" started-at="2018-07-03T12:01:01Z" finished-at="2018-07-03T12:01:19Z">
          <reporter-output>
          </reporter-output>
        </test-method> <!-- testUntitled -->
        <test-method status="PASS" signature="tearDown()[pri:0, instance:Seetest.SampleAndroidTest@44a3ec6b]" name="tearDown" is-config="true" duration-ms="3850" started-at="2018-07-03T12:01:19Z" finished-at="2018-07-03T12:01:23Z">
          <reporter-output>
          </reporter-output>
        </test-method> <!-- tearDown -->
      </class> <!-- Seetest.SampleAndroidTest -->
    </test> <!-- Default test -->
  </suite> <!-- Default suite -->
</testng-results>
